0 info it worked if it ends with ok
1 verbose cli [ '/usr/local/bin/node',
1 verbose cli   '/usr/local/bin/npm',
1 verbose cli   'install',
1 verbose cli   '-g',
1 verbose cli   'ios-deploy' ]
2 info using npm@3.10.10
3 info using node@v6.11.2
4 silly loadCurrentTree Starting
5 silly install loadCurrentTree
6 silly install readGlobalPackageData
7 silly fetchPackageMetaData ios-deploy
8 silly fetchNamedPackageData ios-deploy
9 silly mapToRegistry name ios-deploy
10 silly mapToRegistry using default registry
11 silly mapToRegistry registry https://registry.npmjs.org/
12 silly mapToRegistry data Result {
12 silly mapToRegistry   raw: 'ios-deploy',
12 silly mapToRegistry   scope: null,
12 silly mapToRegistry   escapedName: 'ios-deploy',
12 silly mapToRegistry   name: 'ios-deploy',
12 silly mapToRegistry   rawSpec: '',
12 silly mapToRegistry   spec: 'latest',
12 silly mapToRegistry   type: 'tag' }
13 silly mapToRegistry uri https://registry.npmjs.org/ios-deploy
14 verbose request uri https://registry.npmjs.org/ios-deploy
15 verbose request no auth needed
16 info attempt registry request try #1 at 4:35:54 PM
17 verbose request id d9e612808b69a877
18 verbose etag W/"59a37634-a5a0"
19 verbose lastModified Mon, 28 Aug 2017 01:47:32 GMT
20 http request GET https://registry.npmjs.org/ios-deploy
21 http 200 https://registry.npmjs.org/ios-deploy
22 verbose headers { 'content-type': 'application/json; charset=UTF-8',
22 verbose headers   server: 'UploadServer',
22 verbose headers   'cache-control': 'max-age=300',
22 verbose headers   'last-modified': 'Thu, 26 Oct 2017 14:10:43 GMT',
22 verbose headers   etag: '"59f1ece3-af64"',
22 verbose headers   'content-encoding': 'gzip',
22 verbose headers   'content-length': '7025',
22 verbose headers   'accept-ranges': 'bytes',
22 verbose headers   date: 'Mon, 15 Jan 2018 00:35:54 GMT',
22 verbose headers   via: '1.1 varnish',
22 verbose headers   age: '9888',
22 verbose headers   connection: 'keep-alive',
22 verbose headers   'x-served-by': 'cache-lax8643-LAX',
22 verbose headers   'x-cache': 'HIT',
22 verbose headers   'x-cache-hits': '1',
22 verbose headers   'x-timer': 'S1515976554.295312,VS0,VE1',
22 verbose headers   vary: 'Accept-Encoding, Accept' }
23 silly get cb [ 200,
23 silly get   { 'content-type': 'application/json; charset=UTF-8',
23 silly get     server: 'UploadServer',
23 silly get     'cache-control': 'max-age=300',
23 silly get     'last-modified': 'Thu, 26 Oct 2017 14:10:43 GMT',
23 silly get     etag: '"59f1ece3-af64"',
23 silly get     'content-encoding': 'gzip',
23 silly get     'content-length': '7025',
23 silly get     'accept-ranges': 'bytes',
23 silly get     date: 'Mon, 15 Jan 2018 00:35:54 GMT',
23 silly get     via: '1.1 varnish',
23 silly get     age: '9888',
23 silly get     connection: 'keep-alive',
23 silly get     'x-served-by': 'cache-lax8643-LAX',
23 silly get     'x-cache': 'HIT',
23 silly get     'x-cache-hits': '1',
23 silly get     'x-timer': 'S1515976554.295312,VS0,VE1',
23 silly get     vary: 'Accept-Encoding, Accept' } ]
24 verbose get saving ios-deploy to /Users/david/.npm/registry.npmjs.org/ios-deploy/.cache.json
25 verbose correctMkdir /Users/david/.npm correctMkdir not in flight; initializing
26 silly install normalizeTree
27 silly loadCurrentTree Finishing
28 silly loadIdealTree Starting
29 silly install loadIdealTree
30 silly cloneCurrentTree Starting
31 silly install cloneCurrentTreeToIdealTree
32 silly cloneCurrentTree Finishing
33 silly loadShrinkwrap Starting
34 silly install loadShrinkwrap
35 silly loadShrinkwrap Finishing
36 silly loadAllDepsIntoIdealTree Starting
37 silly install loadAllDepsIntoIdealTree
38 silly resolveWithNewModule ios-deploy@1.9.2 checking installable status
39 silly cache add args [ 'ios-deploy', null ]
40 verbose cache add spec ios-deploy
41 silly cache add parsed spec Result {
41 silly cache add   raw: 'ios-deploy',
41 silly cache add   scope: null,
41 silly cache add   escapedName: 'ios-deploy',
41 silly cache add   name: 'ios-deploy',
41 silly cache add   rawSpec: '',
41 silly cache add   spec: 'latest',
41 silly cache add   type: 'tag' }
42 silly addNamed ios-deploy@latest
43 verbose addNamed "latest" is being treated as a dist-tag for ios-deploy
44 info addNameTag [ 'ios-deploy', 'latest' ]
45 silly mapToRegistry name ios-deploy
46 silly mapToRegistry using default registry
47 silly mapToRegistry registry https://registry.npmjs.org/
48 silly mapToRegistry data Result {
48 silly mapToRegistry   raw: 'ios-deploy',
48 silly mapToRegistry   scope: null,
48 silly mapToRegistry   escapedName: 'ios-deploy',
48 silly mapToRegistry   name: 'ios-deploy',
48 silly mapToRegistry   rawSpec: '',
48 silly mapToRegistry   spec: 'latest',
48 silly mapToRegistry   type: 'tag' }
49 silly mapToRegistry uri https://registry.npmjs.org/ios-deploy
50 verbose addNameTag registry:https://registry.npmjs.org/ios-deploy not in flight; fetching
51 verbose get https://registry.npmjs.org/ios-deploy not expired, no request
52 silly addNameTag next cb for ios-deploy with tag latest
53 silly addNamed ios-deploy@1.9.2
54 verbose addNamed "1.9.2" is a plain semver version for ios-deploy
55 silly mapToRegistry name ios-deploy
56 silly mapToRegistry using default registry
57 silly mapToRegistry registry https://registry.npmjs.org/
58 silly mapToRegistry data Result {
58 silly mapToRegistry   raw: 'ios-deploy',
58 silly mapToRegistry   scope: null,
58 silly mapToRegistry   escapedName: 'ios-deploy',
58 silly mapToRegistry   name: 'ios-deploy',
58 silly mapToRegistry   rawSpec: '',
58 silly mapToRegistry   spec: 'latest',
58 silly mapToRegistry   type: 'tag' }
59 silly mapToRegistry uri https://registry.npmjs.org/ios-deploy
60 verbose addRemoteTarball https://registry.npmjs.org/ios-deploy/-/ios-deploy-1.9.2.tgz not in flight; adding
61 verbose addRemoteTarball [ 'https://registry.npmjs.org/ios-deploy/-/ios-deploy-1.9.2.tgz',
61 verbose addRemoteTarball   'c2f4c46b06db4771939b29f980c7c1a8906b47a2' ]
62 info retry fetch attempt 1 at 4:35:54 PM
63 info attempt registry request try #1 at 4:35:54 PM
64 http fetch GET https://registry.npmjs.org/ios-deploy/-/ios-deploy-1.9.2.tgz
65 http fetch 200 https://registry.npmjs.org/ios-deploy/-/ios-deploy-1.9.2.tgz
66 silly fetchAndShaCheck shasum c2f4c46b06db4771939b29f980c7c1a8906b47a2
67 verbose addTmpTarball /tmp/npm-8610-4921396e/registry.npmjs.org/ios-deploy/-/ios-deploy-1.9.2.tgz not in flight; adding
68 verbose addTmpTarball already have metadata; skipping unpack for ios-deploy@1.9.2
69 verbose correctMkdir /Users/david/.npm correctMkdir not in flight; initializing
70 silly cache afterAdd ios-deploy@1.9.2
71 verbose afterAdd /Users/david/.npm/ios-deploy/1.9.2/package/package.json not in flight; writing
72 verbose correctMkdir /Users/david/.npm correctMkdir not in flight; initializing
73 verbose afterAdd /Users/david/.npm/ios-deploy/1.9.2/package/package.json written
74 silly loadAllDepsIntoIdealTree Finishing
75 silly loadIdealTree Finishing
76 silly currentTree lib
76 silly currentTree └── ios-deploy@1.9.1
77 silly idealTree lib
77 silly idealTree └── ios-deploy@1.9.2
78 silly generateActionsToTake Starting
79 silly install generateActionsToTake
80 silly generateActionsToTake Finishing
81 silly diffTrees action count 1
82 silly diffTrees update ios-deploy@1.9.2
83 silly decomposeActions action count 9
84 silly decomposeActions remove ios-deploy@1.9.2
85 silly decomposeActions fetch ios-deploy@1.9.2
86 silly decomposeActions extract ios-deploy@1.9.2
87 silly decomposeActions test ios-deploy@1.9.2
88 silly decomposeActions preinstall ios-deploy@1.9.2
89 silly decomposeActions build ios-deploy@1.9.2
90 silly decomposeActions install ios-deploy@1.9.2
91 silly decomposeActions postinstall ios-deploy@1.9.2
92 silly decomposeActions finalize ios-deploy@1.9.2
93 silly runTopLevelLifecycles Starting
94 silly executeActions Starting
95 silly install executeActions
96 silly doSerial global-install 0
97 silly doParallel fetch 1
98 verbose correctMkdir /Users/david/.npm/_locks correctMkdir not in flight; initializing
99 verbose lock using /Users/david/.npm/_locks/staging-3a08f0df5026584d.lock for /usr/local/lib/node_modules/.staging
100 silly doParallel extract 1
101 silly extract ios-deploy@1.9.2
102 verbose unbuild lib/node_modules/.staging/ios-deploy-298c9491
103 silly gentlyRm /usr/local/lib/node_modules/.staging/ios-deploy-298c9491 is being purged from base /usr/local
104 verbose gentlyRm don't care about contents; nuking /usr/local/lib/node_modules/.staging/ios-deploy-298c9491
105 verbose tar unpack /Users/david/.npm/ios-deploy/1.9.2/package.tgz
106 verbose tar unpacking to /usr/local/lib/node_modules/.staging/ios-deploy-298c9491
107 silly gentlyRm /usr/local/lib/node_modules/.staging/ios-deploy-298c9491 is being purged
108 verbose gentlyRm don't care about contents; nuking /usr/local/lib/node_modules/.staging/ios-deploy-298c9491
109 silly gunzTarPerm modes [ '755', '644' ]
110 silly gunzTarPerm extractEntry package.json
111 silly gunzTarPerm extractEntry .npmignore
112 silly gunzTarPerm extractEntry README.md
113 silly gunzTarPerm extractEntry LICENSE
114 silly gunzTarPerm extractEntry .travis.yml
115 silly gunzTarPerm extractEntry .github/CONTRIBUTING.md
116 silly gunzTarPerm extractEntry .github/ISSUE_TEMPLATE.md
117 silly gunzTarPerm extractEntry demo/.npmignore
118 silly gunzTarPerm extractEntry demo/Entitlements.plist
119 silly gunzTarPerm extractEntry demo/Info.plist
120 silly gunzTarPerm extractEntry demo/Makefile
121 silly gunzTarPerm extractEntry demo/ResourceRules.plist
122 silly gunzTarPerm extractEntry demo/demo.c
123 silly gunzTarPerm extractEntry ios-deploy.xcodeproj/project.pbxproj
124 silly gunzTarPerm extractEntry ios-deploy.xcodeproj/xcshareddata/xcschemes/ios-deploy-tests.xcscheme
125 silly gunzTarPerm extractEntry src/ios-deploy/MobileDevice.h
126 silly gunzTarPerm extractEntry src/ios-deploy/device_db.h
127 silly gunzTarPerm extractEntry src/ios-deploy/errors.h
128 silly gunzTarPerm extractEntry src/ios-deploy/ios-deploy.m
129 silly gunzTarPerm extractEntry src/ios-deploy/version.h
130 silly gunzTarPerm extractEntry src/ios-deploy-lib/libios_deploy.h
131 silly gunzTarPerm extractEntry src/ios-deploy-lib/libios_deploy.m
132 silly gunzTarPerm extractEntry src/ios-deploy-tests/Info.plist
133 silly gunzTarPerm extractEntry src/ios-deploy-tests/ios_deploy_tests.m
134 silly gunzTarPerm extractEntry src/scripts/check_reqs.js
135 silly gunzTarPerm extractEntry src/scripts/lldb.py
136 silly gentlyRm /usr/local/lib/node_modules/.staging/ios-deploy-298c9491/node_modules is being purged
137 verbose gentlyRm don't care about contents; nuking /usr/local/lib/node_modules/.staging/ios-deploy-298c9491/node_modules
138 silly doParallel preinstall 1
139 silly preinstall ios-deploy@1.9.2 /usr/local/lib/node_modules/.staging/ios-deploy-298c9491
140 info lifecycle ios-deploy@1.9.2~preinstall: ios-deploy@1.9.2
141 warn lifecycle ios-deploy@1.9.2~preinstall: cannot run in wd %s %s (wd=%s) ios-deploy@1.9.2 ./src/scripts/check_reqs.js && xcodebuild /usr/local/lib/node_modules/.staging/ios-deploy-298c9491
142 silly doReverseSerial remove 1
143 silly remove /usr/local/lib/node_modules/ios-deploy
144 verbose unbuild lib/node_modules/ios-deploy
145 info lifecycle ios-deploy@1.9.1~preuninstall: ios-deploy@1.9.1
146 silly lifecycle ios-deploy@1.9.1~preuninstall: no script for preuninstall, continuing
147 info lifecycle ios-deploy@1.9.1~uninstall: ios-deploy@1.9.1
148 silly lifecycle ios-deploy@1.9.1~uninstall: no script for uninstall, continuing
149 verbose unbuild rmStuff ios-deploy@1.9.1 from /usr/local/lib/node_modules
150 silly gentlyRm /usr/local/bin/ios-deploy is being gently removed from base /usr/local/lib/node_modules/ios-deploy
151 silly isEverInside /usr/local/bin/ios-deploy is not inside /usr/local/lib/node_modules/ios-deploy
152 silly gentlyRm parent.path = /usr/local/lib/node_modules/ios-deploy
153 silly gentlyRm parent.managed = /usr/local/lib/node_modules/ios-deploy is in /usr/local
154 silly gentlyRm target.path =  /usr/local/bin/ios-deploy
155 silly gentlyRm target.symlink = ../lib/node_modules/ios-deploy/build/Release/ios-deploy
156 silly gentlyRm target.managed = /usr/local/bin/ios-deploy is in /usr/local
157 silly gentlyRm target.inParent =  { target: '/usr/local/lib/node_modules/ios-deploy/build/Release/ios-deploy',
157 silly gentlyRm   path: '/usr/local/lib/node_modules/ios-deploy' }
158 verbose gentlyRm Vacuuming /usr/local/bin/ios-deploy up to /usr/local/bin
159 silly vacuum-fs removing /usr/local/bin/ios-deploy
160 silly vacuum-fs finished vacuuming up to /usr/local/bin
161 info lifecycle ios-deploy@1.9.1~postuninstall: ios-deploy@1.9.1
162 silly lifecycle ios-deploy@1.9.1~postuninstall: no script for postuninstall, continuing
163 silly gentlyRm /usr/local/lib/node_modules/ios-deploy is being purged from base /usr/local
164 verbose gentlyRm don't care about contents; nuking /usr/local/lib/node_modules/ios-deploy
165 silly vacuum-fs purging /usr/local/lib/node_modules/ios-deploy
166 silly vacuum-fs quitting because other entries in /usr/local/lib/node_modules
167 silly doSerial move 0
168 silly doSerial finalize 1
169 silly finalize /usr/local/lib/node_modules/ios-deploy
170 silly doSerial build 1
171 silly build ios-deploy@1.9.2
172 info linkStuff ios-deploy@1.9.2
173 silly linkStuff ios-deploy@1.9.2 has /usr/local/lib/node_modules as its parent node_modules
174 silly linkStuff ios-deploy@1.9.2 is part of a global install
175 silly linkStuff ios-deploy@1.9.2 is installed into a global node_modules
176 silly linkStuff ios-deploy@1.9.2 is installed into the top-level global node_modules
177 verbose linkBins ios-deploy@1.9.2
178 verbose link bins [ { 'ios-deploy': './build/Release/ios-deploy' },
178 verbose link bins   '/usr/local/bin',
178 verbose link bins   true ]
179 verbose linkMans ios-deploy@1.9.2
180 verbose unlock done using /Users/david/.npm/_locks/staging-3a08f0df5026584d.lock for /usr/local/lib/node_modules/.staging
181 silly rollbackFailedOptional Starting
182 silly rollbackFailedOptional Finishing
183 silly runTopLevelLifecycles Finishing
184 silly install printInstalled
185 verbose stack Error: ENOENT: no such file or directory, chmod '/usr/local/lib/node_modules/ios-deploy/build/Release/ios-deploy'
185 verbose stack     at Error (native)
186 verbose cwd /Users/david/Desktop/Projects/audio-streaming-app
187 error Darwin 16.7.0
188 error argv "/usr/local/bin/node" "/usr/local/bin/npm" "install" "-g" "ios-deploy"
189 error node v6.11.2
190 error npm  v3.10.10
191 error path /usr/local/lib/node_modules/ios-deploy/build/Release/ios-deploy
192 error code ENOENT
193 error errno -2
194 error syscall chmod
195 error enoent ENOENT: no such file or directory, chmod '/usr/local/lib/node_modules/ios-deploy/build/Release/ios-deploy'
196 error enoent ENOENT: no such file or directory, chmod '/usr/local/lib/node_modules/ios-deploy/build/Release/ios-deploy'
196 error enoent This is most likely not a problem with npm itself
196 error enoent and is related to npm not being able to find a file.
197 verbose exit [ -2, true ]
